<?xml version="1.0" encoding="UTF-8"?>
<testsuite xmlns:xsi="http://www.w3.org/2001/XMLSchema-instance" xsi:noNamespaceSchemaLocation="https://maven.apache.org/surefire/maven-surefire-plugin/xsd/surefire-test-report.xsd" name="TestWeatherChatBot" time="0.016" tests="4" errors="0" skipped="0" failures="0">
  <properties>
[...]
</properties>
  <testcase name="testChatBotInitialization" classname="TestWeatherChatBot" time="0.01"/>
  <testcase name="testAskQuestion" classname="TestWeatherChatBot" time="0.003"/>
  <testcase name="testSendButtonInitialization" classname="TestWeatherChatBot" time="0.001"/>
  <testcase name="testChatAreaInitialization" classname="TestWeatherChatBot" time="0.001"/>
</testsuite>